2025-12-11 10:30:45,346 - ERROR - Attempt 1: Failed to fetch https://api.swiftshipexpress.in/v1/deliveries/live - HTTPSConnectionPool(host='api.swiftshipexpress.in', port=443): Max retries exceeded with url: /v1/deliveries/live (Caused by ProxyError('Unable to connect to proxy', OSError('Tunnel connection failed: 503 Service Unavailable')))
2025-12-11 10:30:47,363 - ERROR - Attempt 2: Failed to fetch https://api.swiftshipexpress.in/v1/deliveries/live - HTTPSConnectionPool(host='api.swiftshipexpress.in', port=443): Max retries exceeded with url: /v1/deliveries/live (Caused by ProxyError('Unable to connect to proxy', OSError('Tunnel connection failed: 503 Service Unavailable')))
2025-12-11 10:30:49,388 - ERROR - Attempt 3: Failed to fetch https://api.swiftshipexpress.in/v1/deliveries/live - HTTPSConnectionPool(host='api.swiftshipexpress.in', port=443): Max retries exceeded with url: /v1/deliveries/live (Caused by ProxyError('Unable to connect to proxy', OSError('Tunnel connection failed: 503 Service Unavailable')))
2025-12-11 10:32:41,516 - ERROR - ERROR - API request failed: https://api.swiftshipexpress.in/v1/deliveries/live | Error: HTTPSConnectionPool(host='api.swiftshipexpress.in', port=443): Max retries exceeded with url: /v1/deliveries/live (Caused by ProxyError('Unable to connect to proxy', OSError('Tunnel connection failed: 503 Service Unavailable')))
2025-12-11 10:32:43,534 - ERROR - ERROR - API request failed: https://api.swiftshipexpress.in/v1/deliveries/live | Error: HTTPSConnectionPool(host='api.swiftshipexpress.in', port=443): Max retries exceeded with url: /v1/deliveries/live (Caused by ProxyError('Unable to connect to proxy', OSError('Tunnel connection failed: 503 Service Unavailable')))
2025-12-11 10:32:45,556 - ERROR - ERROR - API request failed: https://api.swiftshipexpress.in/v1/deliveries/live | Error: HTTPSConnectionPool(host='api.swiftshipexpress.in', port=443): Max retries exceeded with url: /v1/deliveries/live (Caused by ProxyError('Unable to connect to proxy', OSError('Tunnel connection failed: 503 Service Unavailable')))
2025-12-11 10:32:47,557 - WARNING - FALLBACK - Using dummy data for: https://api.swiftshipexpress.in/v1/deliveries/live
2025-12-11 10:32:47,559 - INFO - RAW saved: C:\Users\CVR\swiftship_etl_pipeline(day 14)\data\raw\live_delivery_20251211_103247.json
2025-12-11 10:32:47,579 - ERROR - ERROR - API request failed: https://api.swiftshipexpress.in/v1/traffic/routes | Error: HTTPSConnectionPool(host='api.swiftshipexpress.in', port=443): Max retries exceeded with url: /v1/traffic/routes (Caused by ProxyError('Unable to connect to proxy', OSError('Tunnel connection failed: 503 Service Unavailable')))
2025-12-11 10:32:49,607 - ERROR - ERROR - API request failed: https://api.swiftshipexpress.in/v1/traffic/routes | Error: HTTPSConnectionPool(host='api.swiftshipexpress.in', port=443): Max retries exceeded with url: /v1/traffic/routes (Caused by ProxyError('Unable to connect to proxy', OSError('Tunnel connection failed: 503 Service Unavailable')))
2025-12-11 10:32:51,631 - ERROR - ERROR - API request failed: https://api.swiftshipexpress.in/v1/traffic/routes | Error: HTTPSConnectionPool(host='api.swiftshipexpress.in', port=443): Max retries exceeded with url: /v1/traffic/routes (Caused by ProxyError('Unable to connect to proxy', OSError('Tunnel connection failed: 503 Service Unavailable')))
2025-12-11 10:32:53,633 - WARNING - FALLBACK - Using dummy data for: https://api.swiftshipexpress.in/v1/traffic/routes
2025-12-11 10:32:53,634 - INFO - RAW saved: C:\Users\CVR\swiftship_etl_pipeline(day 14)\data\raw\route_traffic_20251211_103253.json
2025-12-11 10:40:48,722 - ERROR - ERROR - API request failed: https://api.swiftshipexpress.in/v1/deliveries/live | Error: HTTPSConnectionPool(host='api.swiftshipexpress.in', port=443): Max retries exceeded with url: /v1/deliveries/live (Caused by ProxyError('Unable to connect to proxy', OSError('Tunnel connection failed: 503 Service Unavailable')))
2025-12-11 10:40:50,727 - ERROR - ERROR - API request failed: https://api.swiftshipexpress.in/v1/deliveries/live | Error: HTTPSConnectionPool(host='api.swiftshipexpress.in', port=443): Max retries exceeded with url: /v1/deliveries/live (Caused by ProxyError('Unable to connect to proxy', OSError('Tunnel connection failed: 503 Service Unavailable')))
2025-12-11 10:40:52,754 - ERROR - ERROR - API request failed: https://api.swiftshipexpress.in/v1/deliveries/live | Error: HTTPSConnectionPool(host='api.swiftshipexpress.in', port=443): Max retries exceeded with url: /v1/deliveries/live (Caused by ProxyError('Unable to connect to proxy', OSError('Tunnel connection failed: 503 Service Unavailable')))
2025-12-11 10:40:54,754 - WARNING - FALLBACK - Using dummy data for: https://api.swiftshipexpress.in/v1/deliveries/live
2025-12-11 10:40:54,756 - INFO - RAW saved: C:\Users\CVR\swiftship_etl_pipeline(day 14)\data\raw\live_delivery_20251211_104054.json
2025-12-11 10:40:54,774 - ERROR - ERROR - API request failed: https://api.swiftshipexpress.in/v1/traffic/routes | Error: HTTPSConnectionPool(host='api.swiftshipexpress.in', port=443): Max retries exceeded with url: /v1/traffic/routes (Caused by ProxyError('Unable to connect to proxy', OSError('Tunnel connection failed: 503 Service Unavailable')))
2025-12-11 10:40:56,777 - ERROR - ERROR - API request failed: https://api.swiftshipexpress.in/v1/traffic/routes | Error: HTTPSConnectionPool(host='api.swiftshipexpress.in', port=443): Max retries exceeded with url: /v1/traffic/routes (Caused by ProxyError('Unable to connect to proxy', OSError('Tunnel connection failed: 503 Service Unavailable')))
2025-12-11 10:40:58,809 - ERROR - ERROR - API request failed: https://api.swiftshipexpress.in/v1/traffic/routes | Error: HTTPSConnectionPool(host='api.swiftshipexpress.in', port=443): Max retries exceeded with url: /v1/traffic/routes (Caused by ProxyError('Unable to connect to proxy', OSError('Tunnel connection failed: 503 Service Unavailable')))
2025-12-11 10:41:00,809 - WARNING - FALLBACK - Using dummy data for: https://api.swiftshipexpress.in/v1/traffic/routes
2025-12-11 10:41:00,811 - INFO - RAW saved: C:\Users\CVR\swiftship_etl_pipeline(day 14)\data\raw\route_traffic_20251211_104100.json
2025-12-11 10:48:36,474 - ERROR - ERROR - API request failed: https://api.swiftshipexpress.in/v1/deliveries/live | Error: HTTPSConnectionPool(host='api.swiftshipexpress.in', port=443): Max retries exceeded with url: /v1/deliveries/live (Caused by ProxyError('Unable to connect to proxy', OSError('Tunnel connection failed: 503 Service Unavailable')))
2025-12-11 10:48:38,496 - ERROR - ERROR - API request failed: https://api.swiftshipexpress.in/v1/deliveries/live | Error: HTTPSConnectionPool(host='api.swiftshipexpress.in', port=443): Max retries exceeded with url: /v1/deliveries/live (Caused by ProxyError('Unable to connect to proxy', OSError('Tunnel connection failed: 503 Service Unavailable')))
2025-12-11 10:48:40,524 - ERROR - ERROR - API request failed: https://api.swiftshipexpress.in/v1/deliveries/live | Error: HTTPSConnectionPool(host='api.swiftshipexpress.in', port=443): Max retries exceeded with url: /v1/deliveries/live (Caused by ProxyError('Unable to connect to proxy', OSError('Tunnel connection failed: 503 Service Unavailable')))
2025-12-11 10:48:42,525 - WARNING - FALLBACK - Using dummy data for: https://api.swiftshipexpress.in/v1/deliveries/live
2025-12-11 10:48:42,527 - INFO - RAW saved: C:\Users\CVR\swiftship_etl_pipeline(day 14)\data\raw\live_delivery_20251211_104842.json
2025-12-11 10:48:42,547 - ERROR - ERROR - API request failed: https://api.swiftshipexpress.in/v1/traffic/routes | Error: HTTPSConnectionPool(host='api.swiftshipexpress.in', port=443): Max retries exceeded with url: /v1/traffic/routes (Caused by ProxyError('Unable to connect to proxy', OSError('Tunnel connection failed: 503 Service Unavailable')))
2025-12-11 10:48:44,573 - ERROR - ERROR - API request failed: https://api.swiftshipexpress.in/v1/traffic/routes | Error: HTTPSConnectionPool(host='api.swiftshipexpress.in', port=443): Max retries exceeded with url: /v1/traffic/routes (Caused by ProxyError('Unable to connect to proxy', OSError('Tunnel connection failed: 503 Service Unavailable')))
2025-12-11 10:48:46,591 - ERROR - ERROR - API request failed: https://api.swiftshipexpress.in/v1/traffic/routes | Error: HTTPSConnectionPool(host='api.swiftshipexpress.in', port=443): Max retries exceeded with url: /v1/traffic/routes (Caused by ProxyError('Unable to connect to proxy', OSError('Tunnel connection failed: 503 Service Unavailable')))
2025-12-11 10:48:48,593 - WARNING - FALLBACK - Using dummy data for: https://api.swiftshipexpress.in/v1/traffic/routes
2025-12-11 10:48:48,595 - INFO - RAW saved: C:\Users\CVR\swiftship_etl_pipeline(day 14)\data\raw\route_traffic_20251211_104848.json
